<?xml version="1.0" encoding="UTF-8"?>
<testng-results skipped="0" failed="0" ignored="0" total="1" passed="1">
  <reporter-output>
  </reporter-output>
  <suite name="Default suite" duration-ms="37253" started-at="2019-09-22T21:00:56Z" finished-at="2019-09-22T21:01:34Z">
    <groups>
    </groups>
    <test name="Default test" duration-ms="37253" started-at="2019-09-22T21:00:56Z" finished-at="2019-09-22T21:01:34Z">
      <class name="com.testCases.TC_WW002">
        <test-method status="PASS" signature="setup()[pri:0, instance:com.testCases.TC_WW002@77cd7a0]" name="setup" is-config="true" duration-ms="20430" started-at="2019-09-22T21:00:56Z" finished-at="2019-09-22T21:01:17Z">
          <reporter-output>
          </reporter-output>
        </test-method> <!-- setup -->
        <test-method status="PASS" signature="HappyCoding()[pri:0, instance:com.testCases.TC_WW002@77cd7a0]" name="HappyCoding" duration-ms="15322" started-at="2019-09-22T21:01:17Z" finished-at="2019-09-22T21:01:33Z">
          <reporter-output>
          </reporter-output>
        </test-method> <!-- HappyCoding -->
        <test-method status="PASS" signature="tearDown()[pri:0, instance:com.testCases.TC_WW002@77cd7a0]" name="tearDown" is-config="true" duration-ms="985" started-at="2019-09-22T21:01:33Z" finished-at="2019-09-22T21:01:34Z">
          <reporter-output>
          </reporter-output>
        </test-method> <!-- tearDown -->
      </class> <!-- com.testCases.TC_WW002 -->
    </test> <!-- Default test -->
  </suite> <!-- Default suite -->
</testng-results>
